
Generation: 0
Best Individual:
Subpopulation 0:
Evaluated: true
Fitness: Standardized=0.359375 Adjusted=0.735632183908046 Hits=5248
Tree 0:
 (xor (xor (rotateR (xor o1 o3) ((+) o0 o1))
     ((+) ((+) o0 o2) ((+) 4363 2543))) ((+) (xor
     (rotateR o0 o0) (rotateR 617 o1)) ((+) ((*)
     o3 o1) (rotateR o0 o0))))

Generation: 1
Best Individual:
Subpopulation 0:
Evaluated: true
Fitness: Standardized=0.359375 Adjusted=0.735632183908046 Hits=5248
Tree 0:
 (xor (xor (rotateR (xor o1 o3) ((+) o0 o1))
     ((+) ((+) o0 o2) ((+) 4363 2543))) ((+) (xor
     (rotateR o0 o0) (rotateR 617 o1)) ((+) ((*)
     o3 o1) (rotateR o0 o0))))

Generation: 2
Best Individual:
Subpopulation 0:
Evaluated: true
Fitness: Standardized=0.359375 Adjusted=0.735632183908046 Hits=5248
Tree 0:
 (xor (xor (rotateR (xor o1 o3) ((+) o0 o1))
     ((+) ((+) o0 o2) ((+) 4363 2543))) ((+) (xor
     (rotateR o0 o0) (rotateR 617 o1)) ((+) ((*)
     o3 o1) (rotateR o0 o0))))

Generation: 3
Best Individual:
Subpopulation 0:
Evaluated: true
Fitness: Standardized=0.35888671875 Adjusted=0.735896514552641 Hits=5252
Tree 0:
 (xor (xor ((+) (xor ((+) 3109 o3) (rotateR
     o1 o2)) (rotateR (xor o2 o0) (rotateR o2
     o2))) ((+) ((+) ((*) o0 o2) (xor 569 o1))
     (rotateR (xor o0 o2) ((*) o2 o0)))) ((*)
     (rotateR ((*) (xor o1 o0) ((*) o3 o0)) (xor
         ((+) 3023 o0) o3)) (xor ((*) (xor 4021 o3)
     (rotateR o2 o2)) ((+) o2 o2))))

Generation: 4
Best Individual:
Subpopulation 0:
Evaluated: true
Fitness: Standardized=0.35888671875 Adjusted=0.735896514552641 Hits=5252
Tree 0:
 (xor (xor ((+) (xor ((+) 3109 o3) (rotateR
     o1 o2)) (rotateR (xor o2 o0) (rotateR o2
     o2))) ((+) ((+) ((*) o0 o2) (xor 569 o1))
     (rotateR (xor o0 o2) ((*) o2 o0)))) ((*)
     (rotateR ((*) (xor o1 o0) ((*) o3 o0)) (xor
         ((+) 3023 o0) o3)) (xor ((*) (xor 4021 o3)
     (rotateR o2 o2)) ((+) o2 o2))))

Generation: 5
Best Individual:
Subpopulation 0:
Evaluated: true
Fitness: Standardized=0.3582763671875 Adjusted=0.7362271951109913 Hits=5257
Tree 0:
 (xor (xor (rotateR o3 ((+) o0 o1)) ((+) ((+)
     o0 o2) ((+) 4363 2543))) ((+) (xor (rotateR
     o0 o0) (rotateR 617 o1)) ((+) ((*) o3 o1)
     (rotateR o0 o0))))

Generation: 6
Best Individual:
Subpopulation 0:
Evaluated: true
Fitness: Standardized=0.3582763671875 Adjusted=0.7362271951109913 Hits=5257
Tree 0:
 (xor (xor (rotateR o3 ((+) o0 o1)) ((+) ((+)
     o0 o2) ((+) 4363 2543))) ((+) (xor (rotateR
     o0 o0) (rotateR 617 o1)) ((+) ((*) o3 o1)
     (rotateR o0 o0))))
