\BOOKMARK [0][-]{chapter.1}{\376\377\000\332\000v\000o\000d}{}% 1
\BOOKMARK [0][-]{chapter.2}{\376\377\000H\000a\001\141\000o\000v\000\341\000n\000\355}{}% 2
\BOOKMARK [1][-]{section.2.1}{\376\377\000P\000r\000i\000n\000c\000i\000p}{chapter.2}% 3
\BOOKMARK [1][-]{section.2.2}{\376\377\000K\000r\000i\000t\000\351\000r\000i\000a\000\040\000k\000v\000a\000l\000i\000t\000y\000\040\000h\000a\001\141\000o\000v\000a\000c\000\355\000c\000h\000\040\000f\000u\000n\000k\000c\000\355}{chapter.2}% 4
\BOOKMARK [2][-]{subsection.2.2.1}{\376\377\000U\000n\000i\000f\000o\000r\000m\000n\000\355\000\040\000r\000o\000z\000l\000o\001\176\000e\000n\000\355\000\040\000v\000\375\000s\000t\000u\000p\001\157}{section.2.2}% 5
\BOOKMARK [2][-]{subsection.2.2.2}{\376\377\000O\000d\000o\000l\000n\000o\000s\000t\000\040\000p\000r\000o\000t\000i\000\040\000k\000o\000l\000i\000z\000\355\000m}{section.2.2}% 6
\BOOKMARK [2][-]{subsection.2.2.3}{\376\377\000L\000a\000v\000i\000n\000o\000v\000\375\000\040\000e\000f\000e\000k\000t}{section.2.2}% 7
\BOOKMARK [2][-]{subsection.2.2.4}{\376\377\000R\000y\000c\000h\000l\000o\000s\000t}{section.2.2}% 8
\BOOKMARK [1][-]{section.2.3}{\376\377\000N\000\341\000v\000r\000h\000\040\000h\000a\001\141\000o\000v\000a\000c\000\355\000\040\000f\000u\000n\000k\000c\000e}{chapter.2}% 9
\BOOKMARK [1][-]{section.2.4}{\376\377\001\130\000e\001\141\000e\000n\000\355\000\040\000k\000o\000l\000i\000z\000\355\000\040\000p\001\131\000i\000\040\000h\000a\001\141\000o\000v\000\341\000n\000\355}{chapter.2}% 10
\BOOKMARK [2][-]{subsection.2.4.1}{\376\377\000Z\001\131\000e\000t\001\033\000z\000e\000n\000\351\000\040\000h\000a\001\141\000o\000v\000\341\000n\000\355}{section.2.4}% 11
\BOOKMARK [2][-]{subsection.2.4.2}{\376\377\000K\000u\000k\000a\001\015\001\015\000\355\000\040\000h\000a\001\141\000o\000v\000\341\000n\000\355}{section.2.4}% 12
\BOOKMARK [1][-]{section.2.5}{\376\377\000A\000n\000a\000l\000\375\000z\000a\000\040\000e\000x\000i\000s\000t\000u\000j\000\355\000c\000\355\000c\000h\000\040\001\131\000e\001\141\000e\000n\000\355}{chapter.2}% 13
\BOOKMARK [0][-]{chapter.3}{\376\377\000E\000v\000o\000l\000u\001\015\000n\000\355\000\040\000n\000\341\000v\000r\000h}{}% 14
\BOOKMARK [1][-]{section.3.1}{\376\377\000P\000o\001\015\000\355\000t\000\341\000n\000\355\000\040\000p\000o\000d\000l\000e\000\040\000p\001\131\000\355\000r\000o\000d\000y}{chapter.3}% 15
\BOOKMARK [1][-]{section.3.2}{\376\377\000E\000v\000o\000l\000u\001\015\000n\000\355\000\040\000a\000l\000g\000o\000r\000i\000t\000m\000y}{chapter.3}% 16
\BOOKMARK [2][-]{subsection.3.2.1}{\376\377\000P\000r\000i\000n\000c\000i\000p}{section.3.2}% 17
\BOOKMARK [2][-]{subsection.3.2.2}{\376\377\000F\000i\000t\000n\000e\000s\000s\000\040\000f\000u\000n\000k\000c\000e}{section.3.2}% 18
\BOOKMARK [2][-]{subsection.3.2.3}{\376\377\000Z\000p\001\157\000s\000o\000b\000y\000\040\000s\000e\000l\000e\000k\000c\000e}{section.3.2}% 19
\BOOKMARK [2][-]{subsection.3.2.4}{\376\377\000G\000e\000n\000e\000t\000i\000c\000k\000\351\000\040\000o\000p\000e\000r\000\341\000t\000o\000r\000y}{section.3.2}% 20
\BOOKMARK [2][-]{subsection.3.2.5}{\376\377\000N\000\341\000v\000r\000h\000\040\000e\000v\000o\000l\000u\001\015\000n\000\355\000h\000o\000\040\000a\000l\000g\000o\000r\000i\000t\000m\000u}{section.3.2}% 21
\BOOKMARK [2][-]{subsection.3.2.6}{\376\377\000G\000e\000n\000e\000t\000i\000c\000k\000\351\000\040\000a\000l\000g\000o\000r\000i\000t\000m\000y}{section.3.2}% 22
\BOOKMARK [2][-]{subsection.3.2.7}{\376\377\000E\000v\000o\000l\000u\001\015\000n\000\355\000\040\000s\000t\000r\000a\000t\000e\000g\000i\000e}{section.3.2}% 23
\BOOKMARK [1][-]{section.3.3}{\376\377\000G\000e\000n\000e\000t\000i\000c\000k\000\351\000\040\000p\000r\000o\000g\000r\000a\000m\000o\000v\000\341\000n\000\355}{chapter.3}% 24
\BOOKMARK [2][-]{subsection.3.3.1}{\376\377\000R\000e\000p\000r\000e\000z\000e\000n\000t\000a\000c\000e}{section.3.3}% 25
\BOOKMARK [2][-]{subsection.3.3.2}{\376\377\000I\000n\000i\000c\000i\000a\000l\000i\000z\000a\000c\000e\000\040\000n\000u\000l\000t\000\351\000\040\000p\000o\000p\000u\000l\000a\000c\000e}{section.3.3}% 26
\BOOKMARK [2][-]{subsection.3.3.3}{\376\377\000G\000e\000n\000e\000t\000i\000c\000k\000\351\000\040\000o\000p\000e\000r\000\341\000t\000o\000r\000y\000\040\000a\000\040\000s\000e\000l\000e\000k\000c\000e}{section.3.3}% 27
\BOOKMARK [2][-]{subsection.3.3.4}{\376\377\000F\000i\000t\000n\000e\000s\000s\000\040\000f\000u\000n\000k\000c\000e}{section.3.3}% 28
\BOOKMARK [0][-]{chapter.4}{\376\377\000N\000\341\000v\000r\000h\000\040\000m\000e\000t\000o\000d\000\040\000p\000r\000o\000\040\000e\000v\000o\000l\000u\001\015\000n\000\355\000\040\000n\000\341\000v\000r\000h\000\040\000h\000a\001\141\000o\000v\000a\000c\000\355\000c\000h\000\040\000f\000u\000n\000k\000c\000\355}{}% 29
\BOOKMARK [1][-]{section.4.1}{\376\377\000N\000\341\000v\000r\000h\000\040\000h\000a\001\141\000o\000v\000a\000c\000\355\000c\000h\000\040\000f\000u\000n\000k\000c\000i\000\040\000p\000r\000o\000\040\000I\000P\000\040\000a\000d\000r\000e\000s\000y}{chapter.4}% 30
\BOOKMARK [1][-]{section.4.2}{\376\377\000P\000o\000r\000o\000v\000n\000\341\000n\000\355\000\040\000s\000\040\000e\000x\000i\000s\000t\000u\000j\000\355\000c\000\355\000m\000i\000\040\001\131\000e\001\141\000e\000n\000\355\000m\000i}{chapter.4}% 31
\BOOKMARK [1][-]{section.4.3}{\376\377\000N\000\341\000v\000r\000h\000\040\000f\000i\000t\000n\000e\000s\000s\000\040\000f\000u\000n\000k\000c\000e}{chapter.4}% 32
\BOOKMARK [1][-]{section.4.4}{\376\377\000Z\000v\000o\000l\000e\000n\000\351\000\040\000p\000a\000r\000a\000m\000e\000t\000r\000y\000\040\000g\000e\000n\000e\000t\000i\000c\000k\000\351\000h\000o\000\040\000p\000r\000o\000g\000r\000a\000m\000o\000v\000\341\000n\000\355}{chapter.4}% 33
\BOOKMARK [2][-]{subsection.4.4.1}{\376\377\000G\000e\000n\000e\000t\000i\000c\000k\000\351\000\040\000o\000p\000e\000r\000\341\000t\000o\000r\000y\000\040\000a\000\040\000m\000e\000t\000o\000d\000a\000\040\000s\000e\000l\000e\000k\000c\000e}{section.4.4}% 34
\BOOKMARK [2][-]{subsection.4.4.2}{\376\377\000M\000n\000o\001\176\000i\000n\000a\000\040\000t\000e\000r\000m\000i\000n\000\341\000l\001\157\000\040\000a\000\040\000f\000u\000n\000k\001\015\000n\000\355\000c\000h\000\040\000s\000y\000m\000b\000o\000l\001\157}{section.4.4}% 35
\BOOKMARK [1][-]{section.4.5}{\376\377\000E\000v\000o\000l\000u\001\015\000n\000\355\000\040\000n\000\341\000v\000r\000h\000\040\000h\000a\001\141\000o\000v\000a\000c\000\355\000c\000h\000\040\000f\000u\000n\000k\000c\000\355}{chapter.4}% 36
\BOOKMARK [2][-]{subsection.4.5.1}{\376\377\000E\000v\000o\000l\000u\001\015\000n\000\355\000\040\000n\000\341\000v\000r\000h\000\040\000h\000a\001\141\000o\000v\000a\000c\000\355\000c\000h\000\040\000f\000u\000n\000k\000c\000\355\000\040\000p\001\131\000\355\000m\000o\000u\000\040\000m\000e\000t\000o\000d\000o\000u}{section.4.5}% 37
\BOOKMARK [2][-]{subsection.4.5.2}{\376\377\000O\000p\000t\000i\000m\000a\000l\000i\000z\000a\000c\000e\000\040\000z\000a\000\040\000p\000o\000u\001\176\000i\000t\000\355\000\040\000M\000e\000r\000k\000l\000e\000-\000D\000a\000m\000g\000\345\000r\000d\000o\000v\000a\000\040\000s\000c\000h\000\351\000m\000a\000t\000u}{section.4.5}% 38
\BOOKMARK [2][-]{subsection.4.5.3}{\376\377\000E\000v\000o\000l\000u\001\015\000n\000\355\000\040\000n\000\341\000v\000r\000h\000\040\000z\000a\000\040\000p\000o\000u\001\176\000i\000t\000\355\000\040\000k\000u\000k\000a\001\015\001\015\000\355\000h\000o\000\040\000h\000a\001\141\000o\000v\000\341\000n\000\355}{section.4.5}% 39
\BOOKMARK [0][-]{chapter.5}{\376\377\000E\000x\000p\000e\000r\000i\000m\000e\000n\000t\000y\000\040\000s\000\040\000n\000a\000v\000r\001\176\000e\000n\000\375\000m\000i\000\040\000m\000e\000t\000o\000d\000a\000m\000i}{}% 40
\BOOKMARK [1][-]{section.5.1}{\376\377\000E\000x\000p\000e\000r\000i\000m\000e\000n\000t\000y\000\040\000s\000\040\000f\000u\000n\000k\000c\000e\000m\000i\000\040\000n\000a\000v\000r\001\176\000e\000n\000\375\000m\000i\000\040\000p\001\131\000\355\000m\000o\000u\000\040\000m\000e\000t\000o\000d\000o\000u}{chapter.5}% 41
\BOOKMARK [2][-]{subsection.5.1.1}{\376\377\000V\000l\000i\000v\000\040\000h\000l\000o\000u\000b\000k\000y\000\040\000j\000e\000d\000i\000n\000c\001\157\000\040\000a\000\040\000v\000e\000l\000i\000k\000o\000s\000t\000i\000\040\000p\000o\000p\000u\000l\000a\000c\000e\000\040\000n\000a\000\040\000k\000v\000a\000l\000i\000t\000u\000\040\001\131\000e\001\141\000e\000n\000\355}{section.5.1}% 42
\BOOKMARK [2][-]{subsection.5.1.2}{\376\377\000E\000x\000p\000e\000r\000i\000m\000e\000n\000t\000y\000\040\000s\000\040\000v\000o\000l\000b\000o\000u\000\040\000r\001\157\000z\000n\000\375\000c\000h\000\040\000t\000e\000r\000m\000i\000n\000\341\000l\000n\000\355\000c\000h\000\040\000a\000\040\000f\000u\000n\000k\001\015\000n\000\355\000c\000h\000\040\000m\000n\000o\001\176\000i\000n}{section.5.1}% 43
\BOOKMARK [2][-]{subsection.5.1.3}{\376\377\000P\000o\000r\000o\000v\000n\000\341\000n\000\355\000\040\000r\000y\000h\000l\000o\000s\000t\000i\000\040\000n\000a\000v\000r\001\176\000e\000n\000\375\000c\000h\000\040\000h\000a\001\141\000o\000v\000a\000c\000\355\000c\000h\000\040\000f\000u\000n\000k\000c\000\355\000\040\000s\000\040\000k\000o\000n\000v\000e\000n\001\015\000n\000\355\000m\000i}{section.5.1}% 44
\BOOKMARK [1][-]{section.5.2}{\376\377\000H\000a\001\141\000o\000v\000\341\000n\000\355\000\040\000s\000\040\000M\000e\000r\000k\000l\000e\000-\000D\000a\000m\000g\000\345\000r\000d\000o\000v\000o\000u\000\040\000k\000o\000n\000s\000t\000r\000u\000k\000c\000\355}{chapter.5}% 45
\BOOKMARK [1][-]{section.5.3}{\376\377\000K\000u\000k\000a\001\015\001\015\000\355\000\040\000h\000a\001\141\000o\000v\000\341\000n\000\355}{chapter.5}% 46
\BOOKMARK [2][-]{subsection.5.3.1}{\376\377\000E\000x\000p\000e\000r\000i\000m\000e\000n\000t\000y\000\040\000s\000\040\000r\001\157\000z\000n\001\033\000\040\000n\000a\000s\000t\000a\000v\000e\000n\000\375\000m\000\040\000o\000m\000e\000z\000e\000n\000\355\000m\000\040\000p\001\131\000i\000\040\000v\000k\000l\000\341\000d\000\341\000n\000\355\000\040\000d\000o\000\040\000t\000a\000b\000u\000l\000k\000y}{section.5.3}% 47
\BOOKMARK [1][-]{section.5.4}{\376\377\000S\000h\000r\000n\000u\000t\000\355\000\040\000v\000\375\000s\000l\000e\000d\000k\001\157}{chapter.5}% 48
\BOOKMARK [0][-]{chapter.6}{\376\377\000Z\000\341\000v\001\033\000r}{}% 49
\BOOKMARK [0][-]{chapter*.34}{\376\377\000L\000i\000t\000e\000r\000a\000t\000u\000r\000a}{}% 50
\BOOKMARK [0][-]{section*.35}{\376\377\000P\001\131\000\355\000l\000o\000h\000y}{}% 51
\BOOKMARK [1][-]{section*.36}{\376\377\000S\000e\000z\000n\000a\000m\000\040\000p\001\131\000\355\000l\000o\000h}{section*.35}% 52
\BOOKMARK [0][-]{appendix.A}{\376\377\000O\000b\000s\000a\000h\000\040\000C\000D\000\040\000a\000\040\000m\000a\000n\000u\000\341\000l\000\040\000p\000r\000o\000\040\000s\000p\000u\001\141\000t\001\033\000n\000\355\000\040\000a\000\040\000v\000y\000h\000o\000d\000n\000o\000c\000e\000n\000\355\000\040\000e\000x\000p\000e\000r\000i\000m\000e\000n\000t\001\157}{}% 53
\BOOKMARK [0][-]{appendix.B}{\376\377\001\014\000l\000\341\000n\000e\000k\000\040\000a\000\040\000p\000l\000a\000k\000\341\000t\000\040\000n\000a\000\040\000k\000o\000n\000f\000e\000r\000e\000n\000c\000i\000\040\000E\000x\000c\000e\000l\000@\000F\000I\000T\000\040\0002\0000\0001\0006}{}% 54
